learning_rate = 0.025; train_batch_size = 32
Vocabulary size: 4099
Adjusting learning rate of group 0 to 2.5000e-02.
Epoch: 1/5, Train Loss=5.22432, Val Loss=5.01709
Adjusting learning rate of group 0 to 2.0000e-02.
Epoch: 2/5, Train Loss=4.96372, Val Loss=4.90706
Adjusting learning rate of group 0 to 1.5000e-02.
Epoch: 3/5, Train Loss=4.86546, Val Loss=4.87354
Adjusting learning rate of group 0 to 1.0000e-02.
Epoch: 4/5, Train Loss=4.76784, Val Loss=4.80083
Adjusting learning rate of group 0 to 5.0000e-03.
Epoch: 5/5, Train Loss=4.62868, Val Loss=4.68989
Adjusting learning rate of group 0 to 0.0000e+00.
Training finished.
Model artifacts saved to folder: weights/cbow_WikiText2

learning_rate = 0.025; train_batch_size = 64
Vocabulary size: 4099
Adjusting learning rate of group 0 to 2.5000e-02.
Epoch: 1/5, Train Loss=5.25655, Val Loss=5.00723
Adjusting learning rate of group 0 to 2.0000e-02.
Epoch: 2/5, Train Loss=4.94985, Val Loss=4.89299
Adjusting learning rate of group 0 to 1.5000e-02.
Epoch: 3/5, Train Loss=4.83867, Val Loss=4.82629
Adjusting learning rate of group 0 to 1.0000e-02.
Epoch: 4/5, Train Loss=4.74210, Val Loss=4.76515
Adjusting learning rate of group 0 to 5.0000e-03.
Epoch: 5/5, Train Loss=4.62539, Val Loss=4.66957
Adjusting learning rate of group 0 to 0.0000e+00.
Training finished.
Model artifacts saved to folder: weights/cbow_WikiText2

learning_rate = 0.025; train_batch_size = 96
Vocabulary size: 4099
Adjusting learning rate of group 0 to 2.5000e-02.
Epoch: 1/5, Train Loss=5.29680, Val Loss=5.02095
Adjusting learning rate of group 0 to 2.0000e-02.
Epoch: 2/5, Train Loss=4.96424, Val Loss=4.89610
Adjusting learning rate of group 0 to 1.5000e-02.
Epoch: 3/5, Train Loss=4.84529, Val Loss=4.81014
Adjusting learning rate of group 0 to 1.0000e-02.
Epoch: 4/5, Train Loss=4.74833, Val Loss=4.75875
Adjusting learning rate of group 0 to 5.0000e-03.
Epoch: 5/5, Train Loss=4.64759, Val Loss=4.68765
Adjusting learning rate of group 0 to 0.0000e+00.
Training finished.
Model artifacts saved to folder: weights/cbow_WikiText2

learning_rate = 0.025; train_batch_size = 128
Vocabulary size: 4099
Adjusting learning rate of group 0 to 2.5000e-02.
Epoch: 1/5, Train Loss=5.33453, Val Loss=5.03759
Adjusting learning rate of group 0 to 2.0000e-02.
Epoch: 2/5, Train Loss=4.97636, Val Loss=4.89672
Adjusting learning rate of group 0 to 1.5000e-02.
Epoch: 3/5, Train Loss=4.85400, Val Loss=4.82425
Adjusting learning rate of group 0 to 1.0000e-02.
Epoch: 4/5, Train Loss=4.76150, Val Loss=4.76256
Adjusting learning rate of group 0 to 5.0000e-03.
Epoch: 5/5, Train Loss=4.66661, Val Loss=4.69864
Adjusting learning rate of group 0 to 0.0000e+00.
Training finished.
Model artifacts saved to folder: weights/cbow_WikiText2

learning_rate = 0.025; train_batch_size = 160
Vocabulary size: 4099
Adjusting learning rate of group 0 to 2.5000e-02.
Epoch: 1/5, Train Loss=5.36372, Val Loss=5.05074
Adjusting learning rate of group 0 to 2.0000e-02.
Epoch: 2/5, Train Loss=4.99181, Val Loss=4.91474
Adjusting learning rate of group 0 to 1.5000e-02.
Epoch: 3/5, Train Loss=4.87119, Val Loss=4.82045
Adjusting learning rate of group 0 to 1.0000e-02.
Epoch: 4/5, Train Loss=4.77637, Val Loss=4.78084
Adjusting learning rate of group 0 to 5.0000e-03.
Epoch: 5/5, Train Loss=4.68815, Val Loss=4.71341
Adjusting learning rate of group 0 to 0.0000e+00.
Training finished.
Model artifacts saved to folder: weights/cbow_WikiText2

learning_rate = 0.05; train_batch_size = 32
Vocabulary size: 4099
Adjusting learning rate of group 0 to 5.0000e-02.
Epoch: 1/5, Train Loss=5.20673, Val Loss=5.04473
Adjusting learning rate of group 0 to 4.0000e-02.
Epoch: 2/5, Train Loss=5.03069, Val Loss=5.02894
Adjusting learning rate of group 0 to 3.0000e-02.
Epoch: 3/5, Train Loss=4.95087, Val Loss=4.94786
Adjusting learning rate of group 0 to 2.0000e-02.
Epoch: 4/5, Train Loss=4.86081, Val Loss=4.87646
Adjusting learning rate of group 0 to 1.0000e-02.
Epoch: 5/5, Train Loss=4.71079, Val Loss=4.76912
Adjusting learning rate of group 0 to 0.0000e+00.
Training finished.
Model artifacts saved to folder: weights/cbow_WikiText2

learning_rate = 0.05; train_batch_size = 64
Vocabulary size: 4099
Adjusting learning rate of group 0 to 5.0000e-02.
Epoch: 1/5, Train Loss=5.19285, Val Loss=4.98073
Adjusting learning rate of group 0 to 4.0000e-02.
Epoch: 2/5, Train Loss=4.93360, Val Loss=4.91602
Adjusting learning rate of group 0 to 3.0000e-02.
Epoch: 3/5, Train Loss=4.85338, Val Loss=4.86174
Adjusting learning rate of group 0 to 2.0000e-02.
Epoch: 4/5, Train Loss=4.76726, Val Loss=4.79585
Adjusting learning rate of group 0 to 1.0000e-02.
Epoch: 5/5, Train Loss=4.64001, Val Loss=4.71868
Adjusting learning rate of group 0 to 0.0000e+00.
Training finished.
Model artifacts saved to folder: weights/cbow_WikiText2

learning_rate = 0.05; train_batch_size = 96
Vocabulary size: 4099
Adjusting learning rate of group 0 to 5.0000e-02.
Epoch: 1/5, Train Loss=5.21769, Val Loss=4.98127
Adjusting learning rate of group 0 to 4.0000e-02.
Epoch: 2/5, Train Loss=4.90908, Val Loss=4.87684
Adjusting learning rate of group 0 to 3.0000e-02.
Epoch: 3/5, Train Loss=4.81639, Val Loss=4.82862
Adjusting learning rate of group 0 to 2.0000e-02.
Epoch: 4/5, Train Loss=4.73406, Val Loss=4.77986
Adjusting learning rate of group 0 to 1.0000e-02.
Epoch: 5/5, Train Loss=4.62132, Val Loss=4.69385
Adjusting learning rate of group 0 to 0.0000e+00.
Training finished.
Model artifacts saved to folder: weights/cbow_WikiText2

learning_rate = 0.05; train_batch_size = 128
Vocabulary size: 4099
Adjusting learning rate of group 0 to 5.0000e-02.
Epoch: 1/5, Train Loss=5.22496, Val Loss=4.96928
Adjusting learning rate of group 0 to 4.0000e-02.
Epoch: 2/5, Train Loss=4.90059, Val Loss=4.86363
Adjusting learning rate of group 0 to 3.0000e-02.
Epoch: 3/5, Train Loss=4.79707, Val Loss=4.80077
Adjusting learning rate of group 0 to 2.0000e-02.
Epoch: 4/5, Train Loss=4.71533, Val Loss=4.75307
Adjusting learning rate of group 0 to 1.0000e-02.
Epoch: 5/5, Train Loss=4.61036, Val Loss=4.69209
Adjusting learning rate of group 0 to 0.0000e+00.
Training finished.
Model artifacts saved to folder: weights/cbow_WikiText2

learning_rate = 0.05; train_batch_size = 160
Vocabulary size: 4099
Adjusting learning rate of group 0 to 5.0000e-02.
Epoch: 1/5, Train Loss=5.25029, Val Loss=4.96791
Adjusting learning rate of group 0 to 4.0000e-02.
Epoch: 2/5, Train Loss=4.90334, Val Loss=4.86845
Adjusting learning rate of group 0 to 3.0000e-02.
Epoch: 3/5, Train Loss=4.79377, Val Loss=4.79888
Adjusting learning rate of group 0 to 2.0000e-02.
Epoch: 4/5, Train Loss=4.70907, Val Loss=4.75214
Adjusting learning rate of group 0 to 1.0000e-02.
Epoch: 5/5, Train Loss=4.61019, Val Loss=4.67855
Adjusting learning rate of group 0 to 0.0000e+00.
Training finished.
Model artifacts saved to folder: weights/cbow_WikiText2

